<?xml version="1.0" encoding="UTF-8"?>
<robot generator="Robot 7.3.2 (Python 3.12.3 on linux)" generated="2025-11-11T14:31:57.573414" rpa="false" schemaversion="5">
<suite id="s1" name="Tests" source="/home/onikku/palautusrepositorio_ohtu/viikko3/hello-robot/src/tests">
<suite id="s1-s1" name="Increase Counter" source="/home/onikku/palautusrepositorio_ohtu/viikko3/hello-robot/src/tests/increase_counter.robot">
<test id="s1-s1-t1" name="Increase Counter Once" line="5">
<kw name="Counter Value Should Be" owner="CounterLibrary">
<arg>0</arg>
<status status="PASS" start="2025-11-11T14:31:57.591159" elapsed="0.000109"/>
</kw>
<kw name="Increase Counter" owner="CounterLibrary">
<status status="PASS" start="2025-11-11T14:31:57.591380" elapsed="0.000068"/>
</kw>
<kw name="Counter Value Should Be" owner="CounterLibrary">
<arg>1</arg>
<status status="PASS" start="2025-11-11T14:31:57.591526" elapsed="0.000060"/>
</kw>
<status status="PASS" start="2025-11-11T14:31:57.590686" elapsed="0.000982"/>
</test>
<test id="s1-s1-t2" name="Increase Counter Many Times" line="10">
<kw name="Counter Value Should Be" owner="CounterLibrary">
<arg>0</arg>
<status status="PASS" start="2025-11-11T14:31:57.591932" elapsed="0.000064"/>
</kw>
<kw name="Increase Counter" owner="CounterLibrary">
<status status="PASS" start="2025-11-11T14:31:57.592056" elapsed="0.000043"/>
</kw>
<kw name="Increase Counter" owner="CounterLibrary">
<status status="PASS" start="2025-11-11T14:31:57.592147" elapsed="0.000038"/>
</kw>
<kw name="Increase Counter" owner="CounterLibrary">
<status status="PASS" start="2025-11-11T14:31:57.592229" elapsed="0.000040"/>
</kw>
<kw name="Counter Value Should Be" owner="CounterLibrary">
<arg>3</arg>
<status status="PASS" start="2025-11-11T14:31:57.592313" elapsed="0.000043"/>
</kw>
<status status="PASS" start="2025-11-11T14:31:57.591777" elapsed="0.000637"/>
</test>
<test id="s1-s1-t3" name="Increment Counter By Amount" line="17">
<kw name="Counter Value Should Be" owner="CounterLibrary">
<arg>0</arg>
<status status="PASS" start="2025-11-11T14:31:57.592643" elapsed="0.000061"/>
</kw>
<kw name="Increment Counter By" owner="CounterLibrary">
<arg>5</arg>
<status status="PASS" start="2025-11-11T14:31:57.592763" elapsed="0.000049"/>
</kw>
<kw name="Counter Value Should Be" owner="CounterLibrary">
<arg>5</arg>
<status status="PASS" start="2025-11-11T14:31:57.592861" elapsed="0.000041"/>
</kw>
<status status="PASS" start="2025-11-11T14:31:57.592514" elapsed="0.000446"/>
</test>
<status status="PASS" start="2025-11-11T14:31:57.588765" elapsed="0.004391"/>
</suite>
<suite id="s1-s2" name="Reset Counter" source="/home/onikku/palautusrepositorio_ohtu/viikko3/hello-robot/src/tests/reset_counter.robot">
<test id="s1-s2-t1" name="Reset Counter After One Increment" line="5">
<kw name="Counter Value Should Be" owner="CounterLibrary">
<arg>0</arg>
<status status="PASS" start="2025-11-11T14:31:57.594271" elapsed="0.000072"/>
</kw>
<kw name="Increase Counter" owner="CounterLibrary">
<status status="PASS" start="2025-11-11T14:31:57.594416" elapsed="0.000063"/>
</kw>
<kw name="Counter Value Should Be" owner="CounterLibrary">
<arg>1</arg>
<status status="PASS" start="2025-11-11T14:31:57.594545" elapsed="0.000075"/>
</kw>
<kw name="Reset Counter" owner="CounterLibrary">
<status status="PASS" start="2025-11-11T14:31:57.594692" elapsed="0.000048"/>
</kw>
<kw name="Counter Value Should Be" owner="CounterLibrary">
<arg>0</arg>
<status status="PASS" start="2025-11-11T14:31:57.594796" elapsed="0.000050"/>
</kw>
<status status="PASS" start="2025-11-11T14:31:57.594106" elapsed="0.000814"/>
</test>
<test id="s1-s2-t2" name="Reset Counter After Several Increments" line="12">
<kw name="Counter Value Should Be" owner="CounterLibrary">
<arg>0</arg>
<status status="PASS" start="2025-11-11T14:31:57.595248" elapsed="0.000265"/>
</kw>
<kw name="Increment Counter By" owner="CounterLibrary">
<arg>5</arg>
<status status="PASS" start="2025-11-11T14:31:57.595632" elapsed="0.000072"/>
</kw>
<kw name="Counter Value Should Be" owner="CounterLibrary">
<arg>5</arg>
<status status="PASS" start="2025-11-11T14:31:57.595779" elapsed="0.000061"/>
</kw>
<kw name="Reset Counter" owner="CounterLibrary">
<status status="PASS" start="2025-11-11T14:31:57.595914" elapsed="0.000049"/>
</kw>
<kw name="Counter Value Should Be" owner="CounterLibrary">
<arg>0</arg>
<status status="PASS" start="2025-11-11T14:31:57.596014" elapsed="0.000045"/>
</kw>
<status status="PASS" start="2025-11-11T14:31:57.595052" elapsed="0.001081"/>
</test>
<status status="PASS" start="2025-11-11T14:31:57.593347" elapsed="0.002945"/>
</suite>
<status status="PASS" start="2025-11-11T14:31:57.574027" elapsed="0.022523"/>
</suite>
<statistics>
<total>
<stat pass="5" fail="0" skip="0">All Tests</stat>
</total>
<tag>
</tag>
<suite>
<stat name="Tests" id="s1" pass="5" fail="0" skip="0">Tests</stat>
<stat name="Increase Counter" id="s1-s1" pass="3" fail="0" skip="0">Tests.Increase Counter</stat>
<stat name="Reset Counter" id="s1-s2" pass="2" fail="0" skip="0">Tests.Reset Counter</stat>
</suite>
</statistics>
<errors>
</errors>
</robot>
